  dizi_ornekler.c
C:\Users\selin\OneDrive\Masaüstü\github-yerini değiştirme\C-Exercises\dizi_ornekler\dizi_ornekler\dizi_ornekler.c(10,9): warning C4477: 'printf' : '%d' biçim dizesi 'int' türü bir bağımsız değişken gerektirir, ancak 1 değişen sayıda bağımsız değişkenin türü 'size_t'
  C:\Users\selin\OneDrive\Masaüstü\github-yerini değiştirme\C-Exercises\dizi_ornekler\dizi_ornekler\dizi_ornekler.c(10,9):
  biçim dizesinde '%zd' kullanmayı düşünün
  
C:\Users\selin\OneDrive\Masaüstü\github-yerini değiştirme\C-Exercises\dizi_ornekler\dizi_ornekler\dizi_ornekler.c(11,9): warning C4477: 'printf' : '%d' biçim dizesi 'int' türü bir bağımsız değişken gerektirir, ancak 1 değişen sayıda bağımsız değişkenin türü 'size_t'
  C:\Users\selin\OneDrive\Masaüstü\github-yerini değiştirme\C-Exercises\dizi_ornekler\dizi_ornekler\dizi_ornekler.c(11,9):
  biçim dizesinde '%zd' kullanmayı düşünün
  
C:\Users\selin\OneDrive\Masaüstü\github-yerini değiştirme\C-Exercises\dizi_ornekler\dizi_ornekler\dizi_ornekler.c(12,9): warning C4477: 'printf' : '%d' biçim dizesi 'int' türü bir bağımsız değişken gerektirir, ancak 1 değişen sayıda bağımsız değişkenin türü 'unsigned __int64'
  C:\Users\selin\OneDrive\Masaüstü\github-yerini değiştirme\C-Exercises\dizi_ornekler\dizi_ornekler\dizi_ornekler.c(12,9):
  biçim dizesinde '%lld' kullanmayı düşünün
  C:\Users\selin\OneDrive\Masaüstü\github-yerini değiştirme\C-Exercises\dizi_ornekler\dizi_ornekler\dizi_ornekler.c(12,9):
  biçim dizesinde '%Id' kullanmayı düşünün
  C:\Users\selin\OneDrive\Masaüstü\github-yerini değiştirme\C-Exercises\dizi_ornekler\dizi_ornekler\dizi_ornekler.c(12,9):
  biçim dizesinde '%I64d' kullanmayı düşünün
  
C:\Users\selin\OneDrive\Masaüstü\github-yerini değiştirme\C-Exercises\dizi_ornekler\dizi_ornekler\dizi_ornekler.c(16,9): warning C4477: 'printf' : '%d' biçim dizesi 'int' türü bir bağımsız değişken gerektirir, ancak 1 değişen sayıda bağımsız değişkenin türü 'unsigned __int64'
  C:\Users\selin\OneDrive\Masaüstü\github-yerini değiştirme\C-Exercises\dizi_ornekler\dizi_ornekler\dizi_ornekler.c(16,9):
  biçim dizesinde '%lld' kullanmayı düşünün
  C:\Users\selin\OneDrive\Masaüstü\github-yerini değiştirme\C-Exercises\dizi_ornekler\dizi_ornekler\dizi_ornekler.c(16,9):
  biçim dizesinde '%Id' kullanmayı düşünün
  C:\Users\selin\OneDrive\Masaüstü\github-yerini değiştirme\C-Exercises\dizi_ornekler\dizi_ornekler\dizi_ornekler.c(16,9):
  biçim dizesinde '%I64d' kullanmayı düşünün
  
  dizi_ornekler.vcxproj -> C:\Users\selin\OneDrive\Masaüstü\github-yerini değiştirme\C-Exercises\dizi_ornekler\x64\Debug\dizi_ornekler.exe
